<?xml version="1.0" encoding="UTF-8"?>
<!-- Generated by org.testng.reporters.JUnitXMLReporter -->
<testsuite ignored="0" hostname="DESKTOP-9QJFTD7" failures="0" tests="4" name="Default test(failed)" time="0.027" errors="0" timestamp="2023-10-05T17:49:31 EDT">
  <testcase classname="Test.LoginTest" name="loginWithSpecialCharEmailTest" time="0.0">
    <skipped/>
  </testcase> <!-- loginWithSpecialCharEmailTest -->
  <testcase classname="Test.LoginTest" name="loginWithEmptyEmailTest" time="0.0">
    <skipped/>
  </testcase> <!-- loginWithEmptyEmailTest -->
  <testcase classname="Test.LoginTest" name="loginWithEmptypasswordTest" time="0.0">
    <skipped/>
  </testcase> <!-- loginWithEmptypasswordTest -->
  <testcase classname="Test.LoginTest" name="loginWithWrongpasswordTest" time="0.0">
    <skipped/>
  </testcase> <!-- loginWithWrongpasswordTest -->
</testsuite> <!-- Default test(failed) -->
